0 info it worked if it ends with ok
1 verbose cli [ 'C:\\Program Files\\nodejs\\node.exe',
1 verbose cli   'C:\\Users\\dhiren.sahu\\AppData\\Roaming\\npm\\node_modules\\npm\\bin\\npm-cli.js',
1 verbose cli   'start' ]
2 info using npm@4.0.2
3 info using node@v5.7.0
4 verbose run-script [ 'prestart', 'start', 'poststart' ]
5 info lifecycle subx-notification-center@0.0.0~prestart: subx-notification-center@0.0.0
6 verbose lifecycle subx-notification-center@0.0.0~prestart: unsafe-perm in lifecycle true
7 verbose lifecycle subx-notification-center@0.0.0~prestart: PATH: C:\Users\dhiren.sahu\AppData\Roaming\npm\node_modules\npm\bin\node-gyp-bin;D:\task\Training\sbuxNotificaitonCenter\node_modules\.bin;C:\Program Files (x86)\iis express\PHP\v5.6;C:\Program Files (x86)\Microsoft Visual Studio 14.0\Common7\IDE\CommonExtensions\Microsoft\TeamFoundation\Team Explorer\NativeBinaries\x86;C:\Windows\CCM\;C:\ProgramData\Oracle\Java\javapath;C:\Python27\;C:\Python27\Scripts;C:\Program Files (x86)\Intel\iCLS Client\;C:\Program Files\Intel\iCLS Client\;C:\Windows\system32;C:\Windows;C:\Windows\System32\Wbem;C:\Windows\System32\WindowsPowerShell\v1.0\;C:\Program Files\Intel\Intel(R) Management Engine Components\DAL;C:\Program Files (x86)\Intel\Intel(R) Management Engine Components\DAL;C:\Program Files\Intel\Intel(R) Management Engine Components\IPT;C:\Program Files (x86)\Intel\Intel(R) Management Engine Components\IPT;C:\Program Files\TortoiseSVN\bin;C:\Program Files (x86)\Windows Kits\10\Windows Performance Toolkit\;C:\Program Files (x86)\WinMerge;C:\Program Files\nodejs\;C:\Program Files\TortoiseGit\bin;C:\Program Files\Git\cmd;C:\Users\dhiren.sahu\.dnx\bin;C:\Program Files\Microsoft DNX\Dnvm\;C:\Ruby22-x64\bin;C:\Us;C:\Ruby22-x64\bin;C:\Users\dhiren.sahu\AppData\Roaming\npm;C:\Users\dhiren.sahu\AppData\Local\atom\bin;C:\Program Files (x86)\Microsoft VS Code\bin
8 verbose lifecycle subx-notification-center@0.0.0~prestart: CWD: D:\task\Training\sbuxNotificaitonCenter
9 silly lifecycle subx-notification-center@0.0.0~prestart: Args: [ '/d /s /c', 'npm install' ]
10 silly lifecycle subx-notification-center@0.0.0~prestart: Returned: code: 3221225786  signal: null
11 info lifecycle subx-notification-center@0.0.0~prestart: Failed to exec prestart script
12 verbose stack Error: subx-notification-center@0.0.0 prestart: `npm install`
12 verbose stack Exit status 3221225786
12 verbose stack     at EventEmitter.<anonymous> (C:\Users\dhiren.sahu\AppData\Roaming\npm\node_modules\npm\lib\utils\lifecycle.js:279:16)
12 verbose stack     at emitTwo (events.js:100:13)
12 verbose stack     at EventEmitter.emit (events.js:185:7)
12 verbose stack     at ChildProcess.<anonymous> (C:\Users\dhiren.sahu\AppData\Roaming\npm\node_modules\npm\lib\utils\spawn.js:40:14)
12 verbose stack     at emitTwo (events.js:100:13)
12 verbose stack     at ChildProcess.emit (events.js:185:7)
12 verbose stack     at maybeClose (internal/child_process.js:827:16)
12 verbose stack     at Process.ChildProcess._handle.onexit (internal/child_process.js:211:5)
13 verbose pkgid subx-notification-center@0.0.0
14 verbose cwd D:\task\Training\sbuxNotificaitonCenter
15 error Windows_NT 6.1.7601
16 error argv "C:\\Program Files\\nodejs\\node.exe" "C:\\Users\\dhiren.sahu\\AppData\\Roaming\\npm\\node_modules\\npm\\bin\\npm-cli.js" "start"
17 error node v5.7.0
18 error npm  v4.0.2
19 error code ELIFECYCLE
20 error subx-notification-center@0.0.0 prestart: `npm install`
20 error Exit status 3221225786
21 error Failed at the subx-notification-center@0.0.0 prestart script 'npm install'.
21 error Make sure you have the latest version of node.js and npm installed.
21 error If you do, this is most likely a problem with the subx-notification-center package,
21 error not with npm itself.
21 error Tell the author that this fails on your system:
21 error     npm install
21 error You can get information on how to open an issue for this project with:
21 error     npm bugs subx-notification-center
21 error Or if that isn't available, you can get their info via:
21 error     npm owner ls subx-notification-center
21 error There is likely additional logging output above.
22 verbose exit [ 1, true ]
